<?xml version="1.0" encoding="UTF-8"?>
<testsuite name="IntelliJ.AppTest" tests="1" skipped="0" failures="0" errors="0" timestamp="2022-10-11T05:15:43" hostname="LAPTOP-80STPMP9" time="0.015">
  <properties/>
  <testcase name="appHasAGreeting()" classname="IntelliJ.AppTest" time="0.015"/>
  <system-out><![CDATA[]]></system-out>
  <system-err><![CDATA[]]></system-err>
</testsuite>
